2025-03-29 15:00:08,545 [INFO] Activator:176 - 


2025-03-29 15:00:08,547 [INFO] Activator:177 - !SESSION log4j initialized
2025-03-29 15:00:13,328 [INFO] LogOutputStream:77 - [STDOUT_REDIRECT] 
2025-03-29 15:00:16,646 [INFO] ApplicationProperties:184 - Using Application install path: C:\ST\STM32CubeIDE_1.13.2\STM32CubeIDE\plugins\com.st.stm32cube.common.mx_6.9.2.202309101412
2025-03-29 15:00:16,688 [INFO] DbMcusXml:78 - Set database path to: C:\ST\STM32CubeIDE_1.13.2\STM32CubeIDE\plugins\com.st.stm32cube.common.mx_6.9.2.202309101412\\db\/mcu/
2025-03-29 15:00:16,689 [INFO] ApiDb:274 - Set plugin database path to: C:\ST\STM32CubeIDE_1.13.2\STM32CubeIDE\plugins\com.st.stm32cube.common.mx_6.9.2.202309101412\\db\/plugins/boardmanager/
2025-03-29 15:00:16,690 [WARN] ApiDb:259 - Overriding images path with different value:  => C:\ST\STM32CubeIDE_1.13.2\STM32CubeIDE\plugins\com.st.stm32cube.common.mx_6.9.2.202309101412\\db\/plugins/mcufinder/images/
2025-03-29 15:00:16,724 [INFO] ApiDb:250 - Set database path to: C:\Users\tarak\.stmcufinder\plugins\mcufinder//mcu/
2025-03-29 15:00:16,726 [INFO] DbMcusAds:125 - Set database path to: C:\Users\tarak\.stmcufinder\plugins\mcufinder//mcu/
2025-03-29 15:00:16,729 [INFO] CrossReferenceDbSqlite:203 - Set database path to: C:\Users\tarak\.stmcufinder\plugins\mcufinder//mcu/cs/
2025-03-29 15:00:16,999 [INFO] RulesReader:64 - Compatibility file has been processed (293 Rules)
2025-03-29 15:00:17,149 [INFO] DbMcusXml:78 - Set database path to: C:\ST\STM32CubeIDE_1.13.2\STM32CubeIDE\plugins\com.st.stm32cube.common.mx_6.9.2.202309101412\\db\/mcu/
2025-03-29 15:00:17,150 [INFO] ApiDb:274 - Set plugin database path to: C:\ST\STM32CubeIDE_1.13.2\STM32CubeIDE\plugins\com.st.stm32cube.common.mx_6.9.2.202309101412\\db\/plugins/boardmanager/
2025-03-29 15:00:17,151 [INFO] ApiDb:261 - Set plugin images path to: C:\ST\STM32CubeIDE_1.13.2\STM32CubeIDE\plugins\com.st.stm32cube.common.mx_6.9.2.202309101412\\db\/plugins/mcufinder/images/
2025-03-29 15:00:17,151 [WARN] DbFile:41 - Overriding database path with different value: C:\Users\tarak\.stmcufinder\plugins\mcufinder/ => C:\Users\tarak\.stmcufinder\plugins\mcufinder
2025-03-29 15:00:17,151 [INFO] ApiDb:250 - Set database path to: C:\Users\tarak\.stmcufinder\plugins\mcufinder//mcu/
2025-03-29 15:00:17,151 [WARN] DbFile:41 - Overriding database path with different value: C:\Users\tarak\.stmcufinder\plugins\mcufinder/ => C:\Users\tarak\.stmcufinder\plugins\mcufinder
2025-03-29 15:00:17,152 [INFO] DbMcusAds:125 - Set database path to: C:\Users\tarak\.stmcufinder\plugins\mcufinder//mcu/
2025-03-29 15:00:17,152 [WARN] DbFile:41 - Overriding database path with different value: C:\Users\tarak\.stmcufinder\plugins\mcufinder/ => C:\Users\tarak\.stmcufinder\plugins\mcufinder
2025-03-29 15:00:17,152 [WARN] DbFile:41 - Overriding database path with different value: C:\Users\tarak\.stmcufinder\plugins\mcufinder/ => C:\Users\tarak\.stmcufinder\plugins\mcufinder
2025-03-29 15:00:17,152 [INFO] CrossReferenceDbSqlite:203 - Set database path to: C:\Users\tarak\.stmcufinder\plugins\mcufinder//mcu/cs/
2025-03-29 15:00:17,279 [INFO] MainPanel:262 - HeapMemory: 268435456
2025-03-29 15:00:17,437 [INFO] DbMcusXml:78 - Set database path to: C:\ST\STM32CubeIDE_1.13.2\STM32CubeIDE\plugins\com.st.stm32cube.common.mx_6.9.2.202309101412\\db\/mcu/
2025-03-29 15:00:17,437 [INFO] ApiDb:274 - Set plugin database path to: C:\ST\STM32CubeIDE_1.13.2\STM32CubeIDE\plugins\com.st.stm32cube.common.mx_6.9.2.202309101412\\db\/plugins/boardmanager/
2025-03-29 15:00:17,437 [INFO] ApiDb:261 - Set plugin images path to: C:\ST\STM32CubeIDE_1.13.2\STM32CubeIDE\plugins\com.st.stm32cube.common.mx_6.9.2.202309101412\\db\/plugins/mcufinder/images/
2025-03-29 15:00:17,438 [WARN] DbFile:41 - Overriding database path with different value: C:\Users\tarak\.stmcufinder\plugins\mcufinder/ => C:\Users\tarak\.stmcufinder\plugins\mcufinder
2025-03-29 15:00:17,438 [INFO] ApiDb:250 - Set database path to: C:\Users\tarak\.stmcufinder\plugins\mcufinder//mcu/
2025-03-29 15:00:17,438 [WARN] DbFile:41 - Overriding database path with different value: C:\Users\tarak\.stmcufinder\plugins\mcufinder/ => C:\Users\tarak\.stmcufinder\plugins\mcufinder
2025-03-29 15:00:17,438 [INFO] DbMcusAds:125 - Set database path to: C:\Users\tarak\.stmcufinder\plugins\mcufinder//mcu/
2025-03-29 15:00:17,438 [WARN] DbFile:41 - Overriding database path with different value: C:\Users\tarak\.stmcufinder\plugins\mcufinder/ => C:\Users\tarak\.stmcufinder\plugins\mcufinder
2025-03-29 15:00:17,438 [WARN] DbFile:41 - Overriding database path with different value: C:\Users\tarak\.stmcufinder\plugins\mcufinder/ => C:\Users\tarak\.stmcufinder\plugins\mcufinder
2025-03-29 15:00:17,439 [INFO] CrossReferenceDbSqlite:203 - Set database path to: C:\Users\tarak\.stmcufinder\plugins\mcufinder//mcu/cs/
2025-03-29 15:00:17,471 [INFO] ApplicationProperties:184 - Using Application install path: C:\ST\STM32CubeIDE_1.13.2\STM32CubeIDE\plugins\com.st.stm32cube.common.mx_6.9.2.202309101412
2025-03-29 15:00:17,474 [INFO] PluginManage:196 - Search for loadable plugins [exclusion list=, ]
2025-03-29 15:00:17,476 [INFO] PluginManage:310 - Check plugin analytics
2025-03-29 15:00:17,715 [INFO] AnalyticsPlugin:253 - Accepted Software Licenses: STM32CubeMX.6.9.2
2025-03-29 15:00:17,715 [INFO] AnalyticsPlugin:255 - Accepted CMSIS Pack Licenses: 
2025-03-29 15:00:17,716 [INFO] AnalyticsPlugin:257 - Accepted Firmware Licenses: 
2025-03-29 15:00:17,720 [INFO] PluginManage:359 - Loaded plugin analytics (category:tool,tabindex:-1)
2025-03-29 15:00:17,721 [INFO] PluginManage:310 - Check plugin cadmodel
2025-03-29 15:00:17,751 [INFO] CADModel:105 - Init CAD model plugin
2025-03-29 15:00:17,751 [INFO] PluginManage:359 - Loaded plugin cadmodel (category:power,tabindex:5)
2025-03-29 15:00:17,751 [INFO] PluginManage:310 - Check plugin clock
2025-03-29 15:00:17,783 [INFO] PluginManage:359 - Loaded plugin clock (category:base,tabindex:2)
2025-03-29 15:00:17,783 [INFO] PluginManage:310 - Check plugin ddr
2025-03-29 15:00:17,787 [INFO] PluginManage:359 - Loaded plugin ddr (category:tool,tabindex:6)
2025-03-29 15:00:17,787 [INFO] PluginManage:310 - Check plugin filemanager
2025-03-29 15:00:17,980 [INFO] PluginManage:359 - Loaded plugin filemanager (category:base,tabindex:10)
2025-03-29 15:00:17,980 [INFO] PluginManage:310 - Check plugin ipmanager
2025-03-29 15:00:17,993 [INFO] PluginManage:359 - Loaded plugin ipmanager (category:base,tabindex:5)
2025-03-29 15:00:17,994 [INFO] PluginManage:310 - Check plugin lpbam
2025-03-29 15:00:18,038 [INFO] PluginManage:359 - Loaded plugin lpbam (category:base,tabindex:0)
2025-03-29 15:00:18,038 [INFO] PluginManage:310 - Check plugin memorymap
2025-03-29 15:00:18,092 [INFO] PluginManage:359 - Loaded plugin memorymap (category:base,tabindex:4)
2025-03-29 15:00:18,092 [INFO] PluginManage:310 - Check plugin pinoutandconfiguration
2025-03-29 15:00:18,142 [INFO] PluginManage:359 - Loaded plugin pinoutandconfiguration (category:base,tabindex:1)
2025-03-29 15:00:18,142 [INFO] PluginManage:310 - Check plugin pinoutconfig
2025-03-29 15:00:18,381 [WARN] SupportedApi:132 - Cannot load RTOS API schema: s4s-elt-must-match.1: The content of 'definitions' must match (annotation?, (simpleType | complexType)?, (unique | key | keyref)*)). A problem was found starting at: attribute.
2025-03-29 15:00:18,645 [INFO] PluginManage:359 - Loaded plugin pinoutconfig (category:base,tabindex:0)
2025-03-29 15:00:18,646 [INFO] PluginManage:310 - Check plugin power
2025-03-29 15:00:18,692 [INFO] PluginManage:359 - Loaded plugin power (category:power,tabindex:4)
2025-03-29 15:00:18,692 [INFO] PluginManage:310 - Check plugin projectmanager
2025-03-29 15:00:18,715 [INFO] PluginManage:359 - Loaded plugin projectmanager (category:projectmanager,tabindex:3)
2025-03-29 15:00:18,716 [INFO] PluginManage:310 - Check plugin thirdparty
2025-03-29 15:00:19,442 [INFO] PluginManage:359 - Loaded plugin thirdparty (category:base,tabindex:-1)
2025-03-29 15:00:19,442 [INFO] PluginManage:310 - Check plugin tools
2025-03-29 15:00:19,442 [WARN] IntegrityCheckThread:84 - waiting for thirdparty lock release [integrity check]
2025-03-29 15:00:19,443 [INFO] IntegrityCheckThread:86 - entering critical section [integrity check]
2025-03-29 15:00:19,443 [INFO] ThirdPartyUpdaterWithRetryManager:70 - Updater plugin not ready yet. [1/15]
2025-03-29 15:00:19,537 [INFO] PluginManage:359 - Loaded plugin tools (category:base,tabindex:7)
2025-03-29 15:00:19,538 [INFO] PluginManage:310 - Check plugin tutovideos
2025-03-29 15:00:19,855 [INFO] PluginManage:359 - Loaded plugin tutovideos (category:base,tabindex:-1)
2025-03-29 15:00:19,856 [INFO] PluginManage:310 - Check plugin updater
2025-03-29 15:00:19,874 [INFO] PluginManage:359 - Loaded plugin updater (category:base,tabindex:12)
2025-03-29 15:00:19,874 [INFO] PluginManage:310 - Check plugin userauth
2025-03-29 15:00:19,884 [INFO] UserAuth:113 - Init User Auth plugin
2025-03-29 15:00:19,884 [INFO] PluginManage:359 - Loaded plugin userauth (category:base,tabindex:14)
2025-03-29 15:00:19,885 [INFO] PluginManage:283 - PluginManage : Loaded plugins [17]
2025-03-29 15:00:20,254 [INFO] PinOutPanel:1499 - setPackage(No Configuration,No Configuration)
2025-03-29 15:00:20,444 [INFO] CADModel:165 - CPN selected for project level
2025-03-29 15:00:20,444 [INFO] CADModel:114 - Register for checkConnection events
2025-03-29 15:00:20,500 [INFO] IPUIPlugin:80 - create IPUIPlugin
2025-03-29 15:00:20,500 [INFO] PluginManager:220 - loadIPPluginJar : add adc
2025-03-29 15:00:20,626 [INFO] IPUIPlugin:80 - create IPUIPlugin
2025-03-29 15:00:20,627 [INFO] PluginManager:220 - loadIPPluginJar : add aes
2025-03-29 15:00:20,754 [INFO] IPUIPlugin:80 - create IPUIPlugin
2025-03-29 15:00:20,754 [INFO] PluginManager:220 - loadIPPluginJar : add can
2025-03-29 15:00:20,799 [INFO] IPUIPlugin:80 - create IPUIPlugin
2025-03-29 15:00:20,799 [INFO] PluginManager:220 - loadIPPluginJar : add comp
2025-03-29 15:00:20,886 [INFO] IPUIPlugin:80 - create IPUIPlugin
2025-03-29 15:00:20,886 [INFO] PluginManager:220 - loadIPPluginJar : add cryp
2025-03-29 15:00:20,984 [INFO] IPUIPlugin:80 - create IPUIPlugin
2025-03-29 15:00:20,984 [INFO] PluginManager:220 - loadIPPluginJar : add dfsdm
2025-03-29 15:00:21,030 [INFO] IPUIPlugin:80 - create IPUIPlugin
2025-03-29 15:00:21,033 [INFO] PluginManager:220 - loadIPPluginJar : add dma
2025-03-29 15:00:21,151 [INFO] IPUIPlugin:80 - create IPUIPlugin
2025-03-29 15:00:21,151 [INFO] PluginManager:220 - loadIPPluginJar : add dma3
2025-03-29 15:00:21,235 [INFO] IPUIPlugin:80 - create IPUIPlugin
2025-03-29 15:00:21,235 [INFO] PluginManager:220 - loadIPPluginJar : add fatfs
2025-03-29 15:00:21,380 [INFO] IPUIPlugin:80 - create IPUIPlugin
2025-03-29 15:00:21,382 [INFO] PluginManager:220 - loadIPPluginJar : add fmc
2025-03-29 15:00:21,428 [INFO] IPUIPlugin:80 - create IPUIPlugin
2025-03-29 15:00:21,429 [INFO] PluginManager:220 - loadIPPluginJar : add freertos
2025-03-29 15:00:21,507 [INFO] IPUIPlugin:80 - create IPUIPlugin
2025-03-29 15:00:21,507 [INFO] PluginManager:220 - loadIPPluginJar : add genericplugin
2025-03-29 15:00:21,815 [INFO] IPUIPlugin:80 - create IPUIPlugin
2025-03-29 15:00:21,816 [INFO] PluginManager:220 - loadIPPluginJar : add gfxmmu
2025-03-29 15:00:22,279 [INFO] IPUIPlugin:80 - create IPUIPlugin
2025-03-29 15:00:22,279 [INFO] PluginManager:220 - loadIPPluginJar : add gic
2025-03-29 15:00:22,309 [INFO] IPUIPlugin:80 - create IPUIPlugin
2025-03-29 15:00:22,310 [INFO] PluginManager:220 - loadIPPluginJar : add gpio
2025-03-29 15:00:22,444 [INFO] ThirdPartyUpdaterWithRetryManager:70 - Updater plugin not ready yet. [2/15]
2025-03-29 15:00:22,540 [INFO] IPUIPlugin:80 - create IPUIPlugin
2025-03-29 15:00:22,540 [INFO] PluginManager:220 - loadIPPluginJar : add gtzc
2025-03-29 15:00:22,617 [INFO] IPUIPlugin:80 - create IPUIPlugin
2025-03-29 15:00:22,618 [INFO] PluginManager:220 - loadIPPluginJar : add hash
2025-03-29 15:00:22,755 [INFO] IPUIPlugin:80 - create IPUIPlugin
2025-03-29 15:00:22,755 [INFO] PluginManager:220 - loadIPPluginJar : add i2c
2025-03-29 15:00:22,849 [INFO] IPUIPlugin:80 - create IPUIPlugin
2025-03-29 15:00:22,850 [INFO] PluginManager:220 - loadIPPluginJar : add i2s
2025-03-29 15:00:22,935 [INFO] IPUIPlugin:80 - create IPUIPlugin
2025-03-29 15:00:22,935 [INFO] PluginManager:220 - loadIPPluginJar : add i3c
2025-03-29 15:00:23,238 [INFO] IPUIPlugin:80 - create IPUIPlugin
2025-03-29 15:00:23,239 [INFO] PluginManager:220 - loadIPPluginJar : add ipddr
2025-03-29 15:00:23,453 [INFO] IPUIPlugin:80 - create IPUIPlugin
2025-03-29 15:00:23,453 [INFO] PluginManager:220 - loadIPPluginJar : add linkedlist
2025-03-29 15:00:23,589 [INFO] IPUIPlugin:80 - create IPUIPlugin
2025-03-29 15:00:23,589 [INFO] PluginManager:220 - loadIPPluginJar : add lorawan
2025-03-29 15:00:23,706 [INFO] IPUIPlugin:80 - create IPUIPlugin
2025-03-29 15:00:23,707 [INFO] PluginManager:220 - loadIPPluginJar : add ltdc
2025-03-29 15:00:23,746 [INFO] IPUIPlugin:80 - create IPUIPlugin
2025-03-29 15:00:23,747 [INFO] PluginManager:220 - loadIPPluginJar : add mdma
2025-03-29 15:00:23,786 [INFO] IPUIPlugin:80 - create IPUIPlugin
2025-03-29 15:00:23,786 [INFO] PluginManager:220 - loadIPPluginJar : add nvic
2025-03-29 15:00:23,867 [INFO] IPUIPlugin:80 - create IPUIPlugin
2025-03-29 15:00:23,867 [INFO] PluginManager:220 - loadIPPluginJar : add opamp
2025-03-29 15:00:23,999 [INFO] IPUIPlugin:80 - create IPUIPlugin
2025-03-29 15:00:24,000 [INFO] PluginManager:220 - loadIPPluginJar : add openamp
2025-03-29 15:00:24,124 [INFO] IPUIPlugin:80 - create IPUIPlugin
2025-03-29 15:00:24,124 [INFO] PluginManager:220 - loadIPPluginJar : add pdm2pcm
2025-03-29 15:00:24,153 [INFO] IPUIPlugin:80 - create IPUIPlugin
2025-03-29 15:00:24,157 [INFO] PluginManager:220 - loadIPPluginJar : add plateformsettings
2025-03-29 15:00:24,200 [INFO] IPUIPlugin:80 - create IPUIPlugin
2025-03-29 15:00:24,200 [INFO] PluginManager:220 - loadIPPluginJar : add quadspi
2025-03-29 15:00:24,238 [INFO] IPUIPlugin:80 - create IPUIPlugin
2025-03-29 15:00:24,238 [INFO] PluginManager:220 - loadIPPluginJar : add resmgrutility
2025-03-29 15:00:24,327 [INFO] IPUIPlugin:80 - create IPUIPlugin
2025-03-29 15:00:24,328 [INFO] PluginManager:220 - loadIPPluginJar : add sai
2025-03-29 15:00:24,432 [INFO] IPUIPlugin:80 - create IPUIPlugin
2025-03-29 15:00:24,432 [INFO] PluginManager:220 - loadIPPluginJar : add spi
2025-03-29 15:00:24,569 [INFO] IPUIPlugin:80 - create IPUIPlugin
2025-03-29 15:00:24,570 [INFO] PluginManager:220 - loadIPPluginJar : add stm32_wpan
2025-03-29 15:00:24,650 [INFO] IPUIPlugin:80 - create IPUIPlugin
2025-03-29 15:00:24,650 [INFO] PluginManager:220 - loadIPPluginJar : add tim
2025-03-29 15:00:24,781 [INFO] IPUIPlugin:80 - create IPUIPlugin
2025-03-29 15:00:24,782 [INFO] PluginManager:220 - loadIPPluginJar : add touchsensing
2025-03-29 15:00:24,837 [INFO] IPUIPlugin:80 - create IPUIPlugin
2025-03-29 15:00:24,837 [INFO] PluginManager:220 - loadIPPluginJar : add tracer_emb
2025-03-29 15:00:24,900 [INFO] IPUIPlugin:80 - create IPUIPlugin
2025-03-29 15:00:24,900 [INFO] PluginManager:220 - loadIPPluginJar : add ts
2025-03-29 15:00:24,964 [INFO] IPUIPlugin:80 - create IPUIPlugin
2025-03-29 15:00:24,964 [INFO] PluginManager:220 - loadIPPluginJar : add tsc
2025-03-29 15:00:25,021 [INFO] IPUIPlugin:80 - create IPUIPlugin
2025-03-29 15:00:25,021 [INFO] PluginManager:220 - loadIPPluginJar : add ucpd
2025-03-29 15:00:25,125 [INFO] IPUIPlugin:80 - create IPUIPlugin
2025-03-29 15:00:25,125 [INFO] PluginManager:220 - loadIPPluginJar : add usart
2025-03-29 15:00:25,225 [INFO] IPUIPlugin:80 - create IPUIPlugin
2025-03-29 15:00:25,225 [INFO] PluginManager:220 - loadIPPluginJar : add usbx
2025-03-29 15:00:25,404 [INFO] CADModel:165 - CPN selected for project level
2025-03-29 15:00:25,405 [INFO] CADModel:114 - Register for checkConnection events
2025-03-29 15:00:25,405 [FATAL] Updater:308 - Updater called before beeing initialized
2025-03-29 15:00:25,406 [ERROR] CADModel:125 - Updater not yet initialized, retry later 
2025-03-29 15:00:25,445 [INFO] ThirdPartyUpdaterWithRetryManager:70 - Updater plugin not ready yet. [3/15]
2025-03-29 15:00:25,757 [INFO] CADModel:165 - CPN selected for project level
2025-03-29 15:00:25,758 [INFO] CADModel:114 - Register for checkConnection events
2025-03-29 15:00:25,758 [FATAL] Updater:308 - Updater called before beeing initialized
2025-03-29 15:00:25,758 [ERROR] CADModel:125 - Updater not yet initialized, retry later 
2025-03-29 15:00:25,768 [FATAL] Updater:308 - Updater called before beeing initialized
2025-03-29 15:00:25,921 [FATAL] Updater:308 - Updater called before beeing initialized
2025-03-29 15:00:25,947 [INFO] DbMcusAds:53 - JSON generation date=Thu Mar 06 06:54:21 PST 2025 (1741272861825)
2025-03-29 15:00:25,947 [FATAL] Updater:308 - Updater called before beeing initialized
2025-03-29 15:00:26,207 [WARN] DetailPanel:346 - Failed to get advertising image, set to default
2025-03-29 15:00:26,420 [FATAL] Updater:308 - Updater called before beeing initialized
2025-03-29 15:00:26,423 [FATAL] Updater:308 - Updater called before beeing initialized
2025-03-29 15:00:26,423 [FATAL] Updater:308 - Updater called before beeing initialized
2025-03-29 15:00:26,423 [WARN] DetailPanel:346 - Failed to get advertising image, set to default
2025-03-29 15:00:26,424 [FATAL] Updater:308 - Updater called before beeing initialized
2025-03-29 15:00:26,502 [ERROR] Updater:1120 - MainUpdater not yet initialized. External WinMGr cannot be set.
2025-03-29 15:00:26,519 [INFO] Updater:1056 - Updater Version found : 6.9.2
2025-03-29 15:00:26,565 [INFO] ApplicationProperties:184 - Using Application install path: C:\ST\STM32CubeIDE_1.13.2\STM32CubeIDE\plugins\com.st.stm32cube.common.mx_6.9.2.202309101412
2025-03-29 15:00:26,807 [INFO] MainUpdater:2868 - connection check result : 10
2025-03-29 15:00:26,808 [INFO] MainUpdater:285 - Updater Check For Update Now.
2025-03-29 15:00:26,808 [INFO] MicroXplorer:498 - Change Database Version : DB.6.0.92
2025-03-29 15:00:26,839 [INFO] McuFinderGlobals:63 - Set McuFinder mode to 2 (CubeIDE integrated)
2025-03-29 15:00:27,093 [INFO] CheckServerUpdateThread:120 - End of CheckServer Thread
2025-03-29 15:00:28,827 [WARN] PackLoader:240 - Cannot read IP mode file for STMicroelectronics.FP-SNS-MOTENVWB1.1.4.0
2025-03-29 15:00:28,852 [WARN] PackLoader:240 - Cannot read IP mode file for STMicroelectronics.FP-ATR-ASTRA1.2.0.2
2025-03-29 15:00:28,874 [WARN] PackLoader:240 - Cannot read IP mode file for STMicroelectronics.FP-ATR-ASTRA1.2.0.1
2025-03-29 15:00:28,895 [WARN] PackLoader:240 - Cannot read IP mode file for STMicroelectronics.X-CUBE-SMBUS.2.1.0
2025-03-29 15:00:28,922 [WARN] PackLoader:240 - Cannot read IP mode file for STMicroelectronics.X-CUBE-WB05N.1.1.0
2025-03-29 15:00:28,985 [WARN] PackLoader:240 - Cannot read IP mode file for STMicroelectronics.X-CUBE-AZRTOS-F7.1.1.0
2025-03-29 15:00:29,017 [WARN] PackLoader:240 - Cannot read IP mode file for STMicroelectronics.FP-SNS-MOTENV1.4.3.2
2025-03-29 15:00:29,138 [WARN] PackLoader:240 - Cannot read IP mode file for STMicroelectronics.X-CUBE-MEMS1.11.0.0
2025-03-29 15:00:29,314 [WARN] PackLoader:240 - Cannot read IP mode file for STMicroelectronics.FP-SNS-FLIGHT1.5.0.2
2025-03-29 15:00:29,344 [WARN] PackLoader:240 - Cannot read IP mode file for STMicroelectronics.X-CUBE-DISPLAY.3.0.0
2025-03-29 15:00:29,370 [WARN] PackLoader:240 - Cannot read IP mode file for STMicroelectronics.X-CUBE-BLE1.7.0.0
2025-03-29 15:00:29,393 [WARN] PackLoader:240 - Cannot read IP mode file for STMicroelectronics.X-CUBE-NFC10.1.0.0
2025-03-29 15:00:29,415 [ERROR] Engine:466 - C:\Users\tarak\.stm32cubemx\thirdparties\pdsc\STMicroelectronics.X-CUBE-BLEMGR.4.0.0.pdsc: PDSC version is not supported
2025-03-29 15:00:29,441 [WARN] PackLoader:240 - Cannot read IP mode file for emotas.I-CUBE-CANOPEN.1.3.0
2025-03-29 15:00:29,469 [WARN] PackLoader:240 - Cannot read IP mode file for STMicroelectronics.X-CUBE-TOUCHGFX.4.22.1
2025-03-29 15:00:29,491 [WARN] PackLoader:240 - Cannot read IP mode file for STMicroelectronics.X-CUBE-BLEMGR.3.1.0
2025-03-29 15:00:29,514 [WARN] PackLoader:240 - Cannot read IP mode file for STMicroelectronics.X-CUBE-AI.10.0.0
2025-03-29 15:00:29,536 [WARN] PackLoader:240 - Cannot read IP mode file for STMicroelectronics.FP-SNS-SMARTAG2.1.2.0
2025-03-29 15:00:29,554 [ERROR] Engine:466 - C:\Users\tarak\.stm32cubemx\thirdparties\pdsc\STMicroelectronics.FP-SNS-FLIGHT1.5.1.0.pdsc: PDSC version is not supported
2025-03-29 15:00:29,638 [WARN] PackLoader:240 - Cannot read IP mode file for STMicroelectronics.X-CUBE-MEMS1.11.1.0
2025-03-29 15:00:29,812 [INFO] LogOutputStream:77 - [STDOUT_REDIRECT] 1 : Invalid condition id : UX_CORESTACK_Condition cause : null
2025-03-29 15:00:29,813 [INFO] LogOutputStream:77 - [STDOUT_REDIRECT] 1 : Invalid condition id : UX_CORESTACK_Condition cause : null
2025-03-29 15:00:29,814 [INFO] LogOutputStream:77 - [STDOUT_REDIRECT] 1 : Invalid condition id : UX_CORESTACK_Condition cause : null
2025-03-29 15:00:29,816 [INFO] LogOutputStream:77 - [STDOUT_REDIRECT] 1 : Invalid condition id : UX_CORESTACK_Condition cause : null
2025-03-29 15:00:29,817 [INFO] LogOutputStream:77 - [STDOUT_REDIRECT] 1 : Invalid condition id : UX_CORESTACK_Condition cause : null
2025-03-29 15:00:29,820 [WARN] PackLoader:240 - Cannot read IP mode file for STMicroelectronics.X-CUBE-AZRTOS-WL.2.0.0
2025-03-29 15:00:29,846 [WARN] PackLoader:240 - Cannot read IP mode file for STMicroelectronics.FP-SNS-MOTENV1.5.0.0
2025-03-29 15:00:29,872 [WARN] PackLoader:240 - Cannot read IP mode file for wolfSSL.I-CUBE-wolfMQTT.1.19.0
2025-03-29 15:00:29,900 [WARN] PackLoader:240 - Cannot read IP mode file for WES.I-CUBE-Cesium.1.3.0
2025-03-29 15:00:29,927 [WARN] PackLoader:240 - Cannot read IP mode file for STMicroelectronics.X-CUBE-BLE2.3.3.0
2025-03-29 15:00:29,955 [WARN] PackLoader:240 - Cannot read IP mode file for STMicroelectronics.X-CUBE-NFC9.1.0.0
2025-03-29 15:00:29,980 [WARN] PackLoader:240 - Cannot read IP mode file for STMicroelectronics.X-CUBE-BLE1.7.1.0
2025-03-29 15:00:30,008 [WARN] PackLoader:240 - Cannot read IP mode file for STMicroelectronics.X-CUBE-TCPP.4.1.0
2025-03-29 15:00:30,035 [WARN] PackLoader:240 - Cannot read IP mode file for STMicroelectronics.X-CUBE-ALGOBUILD.1.3.0
2025-03-29 15:00:30,082 [WARN] PackLoader:240 - Cannot read IP mode file for STMicroelectronics.X-CUBE-AZRTOS-G0.1.1.0
2025-03-29 15:00:30,117 [WARN] PackLoader:240 - Cannot read IP mode file for STMicroelectronics.X-CUBE-SAFEA1.1.2.2
2025-03-29 15:00:30,144 [WARN] PackLoader:240 - Cannot read IP mode file for STMicroelectronics.X-CUBE-NFC4.3.0.0
2025-03-29 15:00:30,171 [ERROR] Engine:466 - C:\Users\tarak\.stm32cubemx\thirdparties\pdsc\EmbeddedOffice.I-CUBE-FS-RTOS.1.0.1.pdsc: PDSC version is not supported
2025-03-29 15:00:30,200 [WARN] PackLoader:240 - Cannot read IP mode file for STMicroelectronics.X-CUBE-BLEMGR.3.0.0
2025-03-29 15:00:30,225 [ERROR] Engine:466 - C:\Users\tarak\.stm32cubemx\thirdparties\pdsc\STMicroelectronics.X-CUBE-TCPP.4.2.0.pdsc: PDSC version is not supported
2025-03-29 15:00:30,249 [ERROR] Engine:466 - C:\Users\tarak\.stm32cubemx\thirdparties\pdsc\RealThread.X-CUBE-RT-Thread_Nano.4.1.1.pdsc: PDSC version is not supported
2025-03-29 15:00:30,273 [WARN] PackLoader:240 - Cannot read IP mode file for STMicroelectronics.FP-ATR-SIGFOX1.3.2.0
2025-03-29 15:00:30,295 [ERROR] Engine:466 - C:\Users\tarak\.stm32cubemx\thirdparties\pdsc\quantropi.X-CUBE-qispace-sdk-base.1.9.3.pdsc: PDSC version is not supported
2025-03-29 15:00:30,323 [WARN] PackLoader:240 - Cannot read IP mode file for STMicroelectronics.X-CUBE-EEPRMA1.5.1.0
2025-03-29 15:00:30,383 [WARN] PackLoader:240 - Cannot read IP mode file for SEGGER.I-CUBE-embOS.1.3.1
2025-03-29 15:00:30,498 [WARN] PackLoader:240 - Cannot read IP mode file for STMicroelectronics.X-CUBE-ALGOBUILD.1.4.0
2025-03-29 15:00:30,525 [WARN] PackLoader:240 - Cannot read IP mode file for STMicroelectronics.X-CUBE-AI.9.1.0
2025-03-29 15:00:30,551 [WARN] PackLoader:240 - Cannot read IP mode file for STMicroelectronics.X-CUBE-GNSS1.6.0.0
2025-03-29 15:00:30,601 [WARN] PackLoader:240 - Cannot read IP mode file for STMicroelectronics.X-CUBE-AZRTOS-F4.1.1.0
2025-03-29 15:00:30,627 [WARN] PackLoader:240 - Cannot read IP mode file for wolfSSL.I-CUBE-wolfSSL.5.6.3
2025-03-29 15:00:30,657 [WARN] PackLoader:240 - Cannot read IP mode file for STMicroelectronics.X-CUBE-ISPU.2.1.0
2025-03-29 15:00:30,683 [WARN] PackLoader:240 - Cannot read IP mode file for STMicroelectronics.X-CUBE-FREERTOS.1.2.0
2025-03-29 15:00:30,721 [WARN] PackLoader:240 - Cannot read IP mode file for STMicroelectronics.X-CUBE-AZRTOS-L5.2.0.0
2025-03-29 15:00:30,783 [WARN] PackLoader:240 - Cannot read IP mode file for STMicroelectronics.X-CUBE-MEMS1.9.6.0
2025-03-29 15:00:30,933 [WARN] PackLoader:240 - Cannot read IP mode file for STMicroelectronics.X-CUBE-EEPRMA1.4.2.0
2025-03-29 15:00:30,959 [WARN] PackLoader:240 - Cannot read IP mode file for STMicroelectronics.X-CUBE-NFC6.3.1.0
2025-03-29 15:00:30,989 [WARN] PackLoader:240 - Cannot read IP mode file for ITTIA_DB.I-CUBE-ITTIADB.8.8.0
2025-03-29 15:00:31,013 [WARN] PackLoader:240 - Cannot read IP mode file for STMicroelectronics.X-CUBE-BLEMGR.2.0.0
2025-03-29 15:00:31,035 [ERROR] Engine:466 - C:\Users\tarak\.stm32cubemx\thirdparties\pdsc\STMicroelectronics.X-CUBE-DPower.1.2.0.pdsc: PDSC version is not supported
2025-03-29 15:00:31,088 [WARN] ConditionMgr:438 - getConditionDescription Invalid condition id : UX DEVICE CLASS RTOS Condition cause : null
2025-03-29 15:00:31,088 [WARN] ConditionMgr:438 - getConditionDescription Invalid condition id : UX DEVICE CLASS RTOS Condition cause : null
2025-03-29 15:00:31,091 [WARN] PackLoader:240 - Cannot read IP mode file for STMicroelectronics.X-CUBE-AZRTOS-H7.3.1.0
2025-03-29 15:00:31,092 [WARN] ConditionMgr:1039 - genDependencies : Invalid condition id : UX DEVICE CLASS RTOS Condition cause : null
2025-03-29 15:00:31,092 [WARN] ConditionMgr:1039 - genDependencies : Invalid condition id : UX DEVICE CLASS RTOS Condition cause : null
2025-03-29 15:00:31,093 [WARN] ConditionMgr:1039 - genDependencies : Invalid condition id : UX DEVICE CLASS RTOS Condition cause : null
2025-03-29 15:00:31,093 [WARN] ConditionMgr:1039 - genDependencies : Invalid condition id : UX DEVICE CLASS RTOS Condition cause : null
2025-03-29 15:00:31,094 [WARN] ConditionMgr:1039 - genDependencies : Invalid condition id : UX DEVICE CLASS RTOS Condition cause : null
2025-03-29 15:00:31,120 [WARN] PackLoader:240 - Cannot read IP mode file for STMicroelectronics.X-CUBE-FREERTOS.1.3.0
2025-03-29 15:00:31,141 [WARN] PackLoader:240 - Cannot read IP mode file for STMicroelectronics.X-CUBE-NFC7.1.0.1
2025-03-29 15:00:31,166 [WARN] PackLoader:240 - Cannot read IP mode file for STMicroelectronics.X-CUBE-NFC6.3.0.0
2025-03-29 15:00:31,191 [WARN] PackLoader:240 - Cannot read IP mode file for STMicroelectronics.X-CUBE-EEPRMA1.4.1.0
2025-03-29 15:00:31,216 [ERROR] Engine:466 - C:\Users\tarak\.stm32cubemx\thirdparties\pdsc\STMicroelectronics.X-CUBE-DPower.1.3.0.pdsc: PDSC version is not supported
2025-03-29 15:00:31,239 [WARN] PackLoader:240 - Cannot read IP mode file for STMicroelectronics.X-CUBE-AI.8.1.0
2025-03-29 15:00:31,284 [WARN] ConditionMgr:438 - getConditionDescription Invalid condition id : LAN8742 Phy interface Condition cause : null
2025-03-29 15:00:31,286 [WARN] PackLoader:240 - Cannot read IP mode file for STMicroelectronics.X-CUBE-AZRTOS-L4.2.0.0
2025-03-29 15:00:31,287 [WARN] ConditionMgr:1039 - genDependencies : Invalid condition id : LAN8742 Phy interface Condition cause : null
2025-03-29 15:00:31,287 [WARN] ConditionMgr:1039 - genDependencies : Invalid condition id : LAN8742 Phy interface Condition cause : null
2025-03-29 15:00:31,287 [WARN] ConditionMgr:1039 - genDependencies : Invalid condition id : LAN8742 Phy interface Condition cause : null
2025-03-29 15:00:31,313 [WARN] PackLoader:240 - Cannot read IP mode file for STMicroelectronics.X-CUBE-SFXS2LP1.4.0.0
2025-03-29 15:00:31,334 [WARN] PackLoader:240 - Cannot read IP mode file for STMicroelectronics.X-CUBE-ISPU.1.1.0
2025-03-29 15:00:31,389 [WARN] PackLoader:240 - Cannot read IP mode file for STMicroelectronics.X-CUBE-AZRTOS-H7.3.3.0
2025-03-29 15:00:31,423 [ERROR] Engine:466 - C:\Users\tarak\.stm32cubemx\thirdparties\pdsc\STMicroelectronics.X-CUBE-IPS.3.0.0.pdsc: PDSC version is not supported
2025-03-29 15:00:31,462 [WARN] ConditionMgr:438 - getConditionDescription Invalid condition id : UX DEVICE CLASS RTOS Condition cause : null
2025-03-29 15:00:31,463 [WARN] ConditionMgr:438 - getConditionDescription Invalid condition id : UX DEVICE CLASS RTOS Condition cause : null
2025-03-29 15:00:31,466 [WARN] PackLoader:240 - Cannot read IP mode file for STMicroelectronics.X-CUBE-AZRTOS-WB.2.0.0
2025-03-29 15:00:31,467 [WARN] ConditionMgr:1039 - genDependencies : Invalid condition id : UX DEVICE CLASS RTOS Condition cause : null
2025-03-29 15:00:31,467 [WARN] ConditionMgr:1039 - genDependencies : Invalid condition id : UX DEVICE CLASS RTOS Condition cause : null
2025-03-29 15:00:31,468 [WARN] ConditionMgr:1039 - genDependencies : Invalid condition id : UX DEVICE CLASS RTOS Condition cause : null
2025-03-29 15:00:31,468 [WARN] ConditionMgr:1039 - genDependencies : Invalid condition id : UX DEVICE CLASS RTOS Condition cause : null
2025-03-29 15:00:31,468 [WARN] ConditionMgr:1039 - genDependencies : Invalid condition id : UX DEVICE CLASS RTOS Condition cause : null
2025-03-29 15:00:31,492 [WARN] PackLoader:240 - Cannot read IP mode file for STMicroelectronics.X-CUBE-GNSS1.7.0.0
2025-03-29 15:00:31,518 [WARN] PackLoader:240 - Cannot read IP mode file for STMicroelectronics.X-CUBE-GNSS1.7.0.1
2025-03-29 15:00:31,540 [WARN] PackLoader:240 - Cannot read IP mode file for STMicroelectronics.X-CUBE-TOUCHGFX.4.25.0
2025-03-29 15:00:31,560 [ERROR] Engine:466 - C:\Users\tarak\.stm32cubemx\thirdparties\pdsc\STMicroelectronics.FP-SNS-STBOX1.2.0.0.pdsc: PDSC version is not supported
2025-03-29 15:00:31,590 [WARN] PackLoader:240 - Cannot read IP mode file for STMicroelectronics.X-CUBE-SUBG2.5.0.0
2025-03-29 15:00:31,634 [WARN] PackLoader:240 - Cannot read IP mode file for STMicroelectronics.X-CUBE-AZRTOS-H7RS.1.1.0
2025-03-29 15:00:31,659 [WARN] PackLoader:240 - Cannot read IP mode file for Cesanta.I-CUBE-Mongoose.7.13.0
2025-03-29 15:00:31,686 [WARN] PackLoader:240 - Cannot read IP mode file for STMicroelectronics.X-CUBE-TOF1.3.3.1
2025-03-29 15:00:31,737 [WARN] PackLoader:240 - Cannot read IP mode file for STMicroelectronics.X-CUBE-AZRTOS-G4.2.0.0
2025-03-29 15:00:31,768 [WARN] PackLoader:240 - Cannot read IP mode file for Infineon.AIROC-Wi-Fi-Bluetooth-STM32.1.5.1
2025-03-29 15:00:31,791 [WARN] PackLoader:240 - Cannot read IP mode file for STMicroelectronics.FP-SNS-MOTENVWB1.1.3.0
2025-03-29 15:00:31,811 [WARN] PackLoader:240 - Cannot read IP mode file for STMicroelectronics.FP-SNS-MOTENVWB1.1.3.1
2025-03-29 15:00:31,834 [WARN] PackLoader:240 - Cannot read IP mode file for STMicroelectronics.X-CUBE-ISPU.2.0.0
2025-03-29 15:00:31,860 [ERROR] Engine:466 - C:\Users\tarak\.stm32cubemx\thirdparties\pdsc\STMicroelectronics.X-CUBE-IPS.3.1.0.pdsc: PDSC version is not supported
2025-03-29 15:00:31,881 [WARN] PackLoader:240 - Cannot read IP mode file for STMicroelectronics.X-CUBE-ALS.1.0.2
2025-03-29 15:00:31,933 [WARN] PackLoader:240 - Cannot read IP mode file for STMicroelectronics.X-CUBE-MEMS1.10.0.0
2025-03-29 15:00:32,044 [WARN] PackLoader:240 - Cannot read IP mode file for STMicroelectronics.X-CUBE-FREERTOS.1.1.0
2025-03-29 15:00:32,061 [WARN] PackLoader:240 - Cannot read IP mode file for STMicroelectronics.X-CUBE-TOUCHGFX.4.24.2
2025-03-29 15:00:32,079 [WARN] PackLoader:240 - Cannot read IP mode file for STMicroelectronics.X-CUBE-TOUCHGFX.4.24.1
2025-03-29 15:00:32,098 [WARN] PackLoader:240 - Cannot read IP mode file for wolfSSL.I-CUBE-wolfTPM.3.4.0
2025-03-29 15:00:32,120 [WARN] PackLoader:240 - Cannot read IP mode file for portGmbH.I-Cube-SoM-uGOAL.1.1.0
2025-03-29 15:00:32,140 [WARN] PackLoader:240 - Cannot read IP mode file for STMicroelectronics.X-CUBE-ALS.1.0.1
2025-03-29 15:00:32,183 [WARN] PackLoader:240 - Cannot read IP mode file for STMicroelectronics.X-CUBE-AZRTOS-H7RS.1.0.0
2025-03-29 15:00:32,206 [WARN] PackLoader:240 - Cannot read IP mode file for STMicroelectronics.FP-ATR-ASTRA1.2.0.0
2025-03-29 15:00:32,225 [ERROR] Engine:466 - C:\Users\tarak\.stm32cubemx\thirdparties\pdsc\STMicroelectronics.X-CUBE-TOF1.3.4.2.pdsc: PDSC version is not supported
2025-03-29 15:00:32,251 [WARN] PackLoader:240 - Cannot read IP mode file for STMicroelectronics.X-CUBE-TOF1.3.4.0
2025-03-29 15:00:32,299 [WARN] PackLoader:240 - Cannot read IP mode file for STMicroelectronics.X-CUBE-AZRTOS-H7.3.2.0
2025-03-29 15:00:32,328 [WARN] PackLoader:240 - Cannot read IP mode file for wolfSSL.I-CUBE-wolfSSH.1.4.17
2025-03-29 15:00:32,329 [INFO] ThirdParty:978 - Integrity check success = true
2025-03-29 15:00:32,329 [INFO] IntegrityCheckThread:100 - exiting critical section [integrity check]
2025-03-29 15:00:32,329 [INFO] IntegrityCheckThread:103 - End integrity checks thread
2025-03-29 15:00:48,442 [ERROR] LogOutputStream:75 - [STDERR_REDIRECT] SLF4J: Failed to load class "org.slf4j.impl.StaticLoggerBinder".
2025-03-29 15:00:48,443 [ERROR] LogOutputStream:75 - [STDERR_REDIRECT] SLF4J: Defaulting to no-operation (NOP) logger implementation
2025-03-29 15:00:48,445 [ERROR] LogOutputStream:75 - [STDERR_REDIRECT] SLF4J: See http://www.slf4j.org/codes.html#StaticLoggerBinder for further details.
